<?xml version="1.0" encoding="UTF-8"?>
<!-- Generated by org.testng.reporters.JUnitXMLReporter -->
<testsuite ignored="3" hostname="OmSaiSamarth" failures="0" tests="1" name="Default test" time="6.031" errors="0" timestamp="2023-12-23T10:18:41 IST">
  <testcase classname="com.tcs.loan.bikeloan.businesslogic.CreateNewProject_BL" name="createProject" time="6.005"/>
  <testcase classname="com.tcs.loan.bikeloan.businesslogic.CreateNewProject_BL" name="createProjectWithEmptyKey" time="0.0">
    <ignored/>
  </testcase> <!-- createProjectWithEmptyKey -->
  <testcase classname="com.tcs.loan.bikeloan.businesslogic.CreateNewProject_BL" name="createProjectWithNullKey" time="0.0">
    <ignored/>
  </testcase> <!-- createProjectWithNullKey -->
  <testcase classname="com.tcs.loan.bikeloan.businesslogic.CreateNewProject_BL" name="createProjectWithKeyStartingSmallLetter" time="0.0">
    <ignored/>
  </testcase> <!-- createProjectWithKeyStartingSmallLetter -->
</testsuite> <!-- Default test -->
