<?xml version="1.0" encoding="UTF-8"?>
<!-- Generated by org.testng.reporters.JUnitXMLReporter -->
<testsuite ignored="2" hostname="OmSaiSamarth" failures="0" tests="1" name="Test" time="2.549" errors="0" timestamp="2024-01-13T12:46:40 IST">
  <testcase classname="com.tcs.loan.bikeloan.testcases.GetProjectByID_TC" name="tc_001_getProjectByInvalidId" time="2.512"/>
  <testcase classname="com.tcs.loan.bikeloan.testcases.GetAllProjects_TC" name="tc_001_getAllProjects" time="0.0">
    <ignored/>
  </testcase> <!-- tc_001_getAllProjects -->
  <testcase classname="com.tcs.loan.bikeloan.testcases.GetProjectByID_TC" name="tc_001_getProjectByValidId" time="0.0">
    <ignored/>
  </testcase> <!-- tc_001_getProjectByValidId -->
</testsuite> <!-- Test -->
