<?xml version="1.0" encoding="UTF-8"?>
<!-- Generated by org.testng.reporters.JUnitXMLReporter -->
<testsuite ignored="2" hostname="OmSaiSamarth" failures="0" tests="1" name="Test" time="1.976" errors="0" timestamp="2023-12-17T10:04:51 IST">
  <testcase classname="com.tcs.loan.bikeloan.testcases.GetProjectByID_TC" name="tc_001_getProjectByInvalidId" time="1.945"/>
  <testcase classname="com.tcs.loan.bikeloan.testcases.GetAllProjects_TC" name="tc_001_getAllProjects" time="0.0">
    <ignored/>
  </testcase> <!-- tc_001_getAllProjects -->
  <testcase classname="com.tcs.loan.bikeloan.testcases.GetProjectByID_TC" name="tc_001_getProjectByValidId" time="0.0">
    <ignored/>
  </testcase> <!-- tc_001_getProjectByValidId -->
</testsuite> <!-- Test -->
