<?xml version="1.0" encoding="UTF-8"?>
<testng-results ignored="2" total="3" passed="1" failed="0" skipped="0">
  <reporter-output>
  </reporter-output>
  <suite started-at="2024-01-13T14:40:41 IST" name="Suite" finished-at="2024-01-13T14:40:43 IST" duration-ms="2246">
    <groups>
      <group name="regression">
        <method signature="GetProjectByID_TC.tc_001_getProjectByInvalidId()[pri:0, instance:com.tcs.loan.bikeloan.testcases.GetProjectByID_TC@25f4878b]" name="tc_001_getProjectByInvalidId" class="com.tcs.loan.bikeloan.testcases.GetProjectByID_TC"/>
      </group> <!-- regression -->
      <group name="sanity">
        <method signature="GetProjectByID_TC.tc_001_getProjectByInvalidId()[pri:0, instance:com.tcs.loan.bikeloan.testcases.GetProjectByID_TC@25f4878b]" name="tc_001_getProjectByInvalidId" class="com.tcs.loan.bikeloan.testcases.GetProjectByID_TC"/>
      </group> <!-- sanity -->
    </groups>
    <test started-at="2024-01-13T14:40:41 IST" name="Test" finished-at="2024-01-13T14:40:43 IST" duration-ms="2246">
      <class name="com.tcs.loan.bikeloan.testcases.GetProjectByID_TC">
        <test-method signature="tc_001_getProjectByInvalidId()[pri:0, instance:com.tcs.loan.bikeloan.testcases.GetProjectByID_TC@25f4878b]" started-at="2024-01-13T14:40:41 IST" name="tc_001_getProjectByInvalidId" description="Getting project details of id which does not exists" finished-at="2024-01-13T14:40:43 IST" duration-ms="2223" status="PASS">
          <reporter-output>
          </reporter-output>
        </test-method> <!-- tc_001_getProjectByInvalidId -->
      </class> <!-- com.tcs.loan.bikeloan.testcases.GetProjectByID_TC -->
    </test> <!-- Test -->
  </suite> <!-- Suite -->
</testng-results>
