<?xml version="1.0" encoding="UTF-8"?>
<testng-results ignored="3" total="4" passed="1" failed="0" skipped="0">
  <reporter-output>
  </reporter-output>
  <suite started-at="2023-12-23T10:18:35 IST" name="Default suite" finished-at="2023-12-23T10:18:41 IST" duration-ms="6031">
    <groups>
    </groups>
    <test started-at="2023-12-23T10:18:35 IST" name="Default test" finished-at="2023-12-23T10:18:41 IST" duration-ms="6031">
      <class name="com.tcs.loan.bikeloan.businesslogic.CreateNewProject_BL">
        <test-method signature="createProject()[pri:0, instance:com.tcs.loan.bikeloan.businesslogic.CreateNewProject_BL@32a68f4f]" started-at="2023-12-23T10:18:35 IST" name="createProject" finished-at="2023-12-23T10:18:41 IST" duration-ms="6005" status="PASS">
          <reporter-output>
          </reporter-output>
        </test-method> <!-- createProject -->
      </class> <!-- com.tcs.loan.bikeloan.businesslogic.CreateNewProject_BL -->
    </test> <!-- Default test -->
  </suite> <!-- Default suite -->
</testng-results>
